<?xml version="1.0" encoding="UTF-8"?>
<testsuite xmlns:xsi="http://www.w3.org/2001/XMLSchema-instance" xsi:noNamespaceSchemaLocation="https://maven.apache.org/surefire/maven-surefire-plugin/xsd/surefire-test-report-3.0.xsd" version="3.0" name="HistoryFileHandlerTests" time="0.427" tests="8" errors="0" skipped="0" failures="0">
  <properties>
    <property name="java.specification.version" value="23"/>
    <property name="sun.jnu.encoding" value="UTF-8"/>
    <property name="java.class.path" value="/Users/ted/Desktop/Uni_Adelaide/Semester2/Distributed Systems/Assignment2/Assignment2/target/test-classes:/Users/ted/Desktop/Uni_Adelaide/Semester2/Distributed Systems/Assignment2/Assignment2/target/classes:/Users/ted/.m2/repository/com/fasterxml/jackson/core/jackson-annotations/2.13.3/jackson-annotations-2.13.3.jar:/Users/ted/.m2/repository/com/fasterxml/jackson/core/jackson-core/2.13.3/jackson-core-2.13.3.jar:/Users/ted/.m2/repository/com/fasterxml/jackson/datatype/jackson-datatype-jsr310/2.13.3/jackson-datatype-jsr310-2.13.3.jar:/Users/ted/.m2/repository/com/fasterxml/jackson/core/jackson-databind/2.13.3/jackson-databind-2.13.3.jar:/Users/ted/.m2/repository/org/junit/jupiter/junit-jupiter-api/5.7.0/junit-jupiter-api-5.7.0.jar:/Users/ted/.m2/repository/org/junit/jupiter/junit-jupiter-engine/5.7.0/junit-jupiter-engine-5.7.0.jar:/Users/ted/.m2/repository/org/junit/platform/junit-platform-commons/1.7.0/junit-platform-commons-1.7.0.jar:/Users/ted/.m2/repository/org/junit/platform/junit-platform-engine/1.7.0/junit-platform-engine-1.7.0.jar:/Users/ted/.m2/repository/org/apiguardian/apiguardian-api/1.1.0/apiguardian-api-1.1.0.jar:/Users/ted/.m2/repository/org/opentest4j/opentest4j/1.2.0/opentest4j-1.2.0.jar:/Users/ted/.m2/repository/org/mockito/mockito-core/4.0.0/mockito-core-4.0.0.jar:/Users/ted/.m2/repository/net/bytebuddy/byte-buddy/1.11.19/byte-buddy-1.11.19.jar:/Users/ted/.m2/repository/net/bytebuddy/byte-buddy-agent/1.11.19/byte-buddy-agent-1.11.19.jar:/Users/ted/.m2/repository/org/objenesis/objenesis/3.2/objenesis-3.2.jar:"/>
    <property name="java.vm.vendor" value="Homebrew"/>
    <property name="sun.arch.data.model" value="64"/>
    <property name="java.vendor.url" value="https://github.com/Homebrew/homebrew-core/issues"/>
    <property name="user.timezone" value="Australia/Adelaide"/>
    <property name="os.name" value="Mac OS X"/>
    <property name="java.vm.specification.version" value="23"/>
    <property name="sun.java.launcher" value="SUN_STANDARD"/>
    <property name="user.country" value="AU"/>
    <property name="sun.boot.library.path" value="/opt/homebrew/Cellar/openjdk/23/libexec/openjdk.jdk/Contents/Home/lib"/>
    <property name="sun.java.command" value="/Users/ted/Desktop/Uni_Adelaide/Semester2/Distributed Systems/Assignment2/Assignment2/target/surefire/surefirebooter-20241004151408284_3.jar /Users/ted/Desktop/Uni_Adelaide/Semester2/Distributed Systems/Assignment2/Assignment2/target/surefire 2024-10-04T15-14-08_237-jvmRun1 surefire-20241004151408284_1tmp surefire_0-20241004151408284_2tmp"/>
    <property name="http.nonProxyHosts" value="local|*.local|169.254/16|*.169.254/16"/>
    <property name="jdk.debug" value="release"/>
    <property name="surefire.test.class.path" value="/Users/ted/Desktop/Uni_Adelaide/Semester2/Distributed Systems/Assignment2/Assignment2/target/test-classes:/Users/ted/Desktop/Uni_Adelaide/Semester2/Distributed Systems/Assignment2/Assignment2/target/classes:/Users/ted/.m2/repository/com/fasterxml/jackson/core/jackson-annotations/2.13.3/jackson-annotations-2.13.3.jar:/Users/ted/.m2/repository/com/fasterxml/jackson/core/jackson-core/2.13.3/jackson-core-2.13.3.jar:/Users/ted/.m2/repository/com/fasterxml/jackson/datatype/jackson-datatype-jsr310/2.13.3/jackson-datatype-jsr310-2.13.3.jar:/Users/ted/.m2/repository/com/fasterxml/jackson/core/jackson-databind/2.13.3/jackson-databind-2.13.3.jar:/Users/ted/.m2/repository/org/junit/jupiter/junit-jupiter-api/5.7.0/junit-jupiter-api-5.7.0.jar:/Users/ted/.m2/repository/org/junit/jupiter/junit-jupiter-engine/5.7.0/junit-jupiter-engine-5.7.0.jar:/Users/ted/.m2/repository/org/junit/platform/junit-platform-commons/1.7.0/junit-platform-commons-1.7.0.jar:/Users/ted/.m2/repository/org/junit/platform/junit-platform-engine/1.7.0/junit-platform-engine-1.7.0.jar:/Users/ted/.m2/repository/org/apiguardian/apiguardian-api/1.1.0/apiguardian-api-1.1.0.jar:/Users/ted/.m2/repository/org/opentest4j/opentest4j/1.2.0/opentest4j-1.2.0.jar:/Users/ted/.m2/repository/org/mockito/mockito-core/4.0.0/mockito-core-4.0.0.jar:/Users/ted/.m2/repository/net/bytebuddy/byte-buddy/1.11.19/byte-buddy-1.11.19.jar:/Users/ted/.m2/repository/net/bytebuddy/byte-buddy-agent/1.11.19/byte-buddy-agent-1.11.19.jar:/Users/ted/.m2/repository/org/objenesis/objenesis/3.2/objenesis-3.2.jar:"/>
    <property name="sun.cpu.endian" value="little"/>
    <property name="user.home" value="/Users/ted"/>
    <property name="user.language" value="en"/>
    <property name="java.specification.vendor" value="Oracle Corporation"/>
    <property name="java.version.date" value="2024-09-17"/>
    <property name="java.home" value="/opt/homebrew/Cellar/openjdk/23/libexec/openjdk.jdk/Contents/Home"/>
    <property name="file.separator" value="/"/>
    <property name="basedir" value="/Users/ted/Desktop/Uni_Adelaide/Semester2/Distributed Systems/Assignment2/Assignment2"/>
    <property name="java.vm.compressedOopsMode" value="Zero based"/>
    <property name="line.separator" value="&#10;"/>
    <property name="java.vm.specification.vendor" value="Oracle Corporation"/>
    <property name="java.specification.name" value="Java Platform API Specification"/>
    <property name="apple.awt.application.name" value="ForkedBooter"/>
    <property name="surefire.real.class.path" value="/Users/ted/Desktop/Uni_Adelaide/Semester2/Distributed Systems/Assignment2/Assignment2/target/surefire/surefirebooter-20241004151408284_3.jar"/>
    <property name="sun.management.compiler" value="HotSpot 64-Bit Tiered Compilers"/>
    <property name="ftp.nonProxyHosts" value="local|*.local|169.254/16|*.169.254/16"/>
    <property name="java.runtime.version" value="23"/>
    <property name="user.name" value="ted"/>
    <property name="stdout.encoding" value="UTF-8"/>
    <property name="path.separator" value=":"/>
    <property name="os.version" value="15.0"/>
    <property name="java.runtime.name" value="OpenJDK Runtime Environment"/>
    <property name="file.encoding" value="UTF-8"/>
    <property name="java.vm.name" value="OpenJDK 64-Bit Server VM"/>
    <property name="java.vendor.version" value="Homebrew"/>
    <property name="localRepository" value="/Users/ted/.m2/repository"/>
    <property name="java.vendor.url.bug" value="https://github.com/Homebrew/homebrew-core/issues"/>
    <property name="java.io.tmpdir" value="/var/folders/hz/8zr2sjps55z3xzm0fcp4sy940000gn/T/"/>
    <property name="java.version" value="23"/>
    <property name="user.dir" value="/Users/ted/Desktop/Uni_Adelaide/Semester2/Distributed Systems/Assignment2/Assignment2"/>
    <property name="os.arch" value="aarch64"/>
    <property name="java.vm.specification.name" value="Java Virtual Machine Specification"/>
    <property name="native.encoding" value="UTF-8"/>
    <property name="java.library.path" value="/Users/ted/Library/Java/Extensions:/Library/Java/Extensions:/Network/Library/Java/Extensions:/System/Library/Java/Extensions:/usr/lib/java:."/>
    <property name="java.vm.info" value="mixed mode, sharing"/>
    <property name="stderr.encoding" value="UTF-8"/>
    <property name="java.vendor" value="Homebrew"/>
    <property name="java.vm.version" value="23"/>
    <property name="sun.io.unicode.encoding" value="UnicodeBig"/>
    <property name="socksNonProxyHosts" value="local|*.local|169.254/16|*.169.254/16"/>
    <property name="java.class.version" value="67.0"/>
  </properties>
  <testcase name="testIsFileExist_FileExists_ReturnsTrue" classname="HistoryFileHandlerTests" time="0.085">
    <system-out><![CDATA[Successfully Initialize HistoryFile.
]]></system-out>
  </testcase>
  <testcase name="testGetWeather_ReturnsCorrectJsonString" classname="HistoryFileHandlerTests" time="0.307">
    <system-out><![CDATA[Successfully Initialize HistoryFile.
]]></system-out>
  </testcase>
  <testcase name="testCreateHistoryFile_CreatesFileSuccessfully" classname="HistoryFileHandlerTests" time="0.002">
    <system-out><![CDATA[Successfully Initialize HistoryFile.
Successfully Initialize HistoryFile.
]]></system-out>
  </testcase>
  <testcase name="testUpdateWeather_UpdatesWeatherTwice" classname="HistoryFileHandlerTests" time="0.011">
    <system-out><![CDATA[Successfully Initialize HistoryFile.
Successfully update History File
Successfully update History File
]]></system-out>
  </testcase>
  <testcase name="testIsFileExist_FileDoesNotExist_ReturnsFalse" classname="HistoryFileHandlerTests" time="0.001">
    <system-out><![CDATA[Successfully Initialize HistoryFile.
]]></system-out>
  </testcase>
  <testcase name="testClock_UpdatesClockIncrementCorrectly" classname="HistoryFileHandlerTests" time="0.003">
    <system-out><![CDATA[Successfully Initialize HistoryFile.
]]></system-out>
  </testcase>
  <testcase name="testUpdateWeather_UpdatesWeatherDataSuccessfully" classname="HistoryFileHandlerTests" time="0.003">
    <system-out><![CDATA[Successfully Initialize HistoryFile.
Successfully update History File
]]></system-out>
  </testcase>
  <testcase name="testCleaningHistoryData_RemovesOldWeatherData" classname="HistoryFileHandlerTests" time="0.005">
    <system-out><![CDATA[Successfully Initialize HistoryFile.
Successfully clean Old Data.
]]></system-out>
  </testcase>
</testsuite>